Using pre-set license
Built from '2020.3/staging' branch; Version is '2020.3.11f1 (99c7afb366b3) revision 10078127'; Using compiler version '192528614'; Build Type 'Release'
OS: 'Windows 10 Pro; OS build 19042.1466; Version 2009; 64bit' Language: 'de' Physical Memory: 14205 MB
BatchMode: 1, IsHumanControllingUs: 0, StartBugReporterOnCrash: 0, Is64bit: 1, IsPro: 0

 COMMAND LINE ARGUMENTS:
C:\Program Files\Unity\Hub\Editor\2020.3.11f1\Editor\Unity.exe
-adb2
-batchMode
-noUpm
-name
AssetImportWorker0
-projectPath
C:/Users/tamar/Desktop/Git/MenschAergerDichNicht/Client/Ludo_Client
-logFile
Logs/AssetImportWorker0.log
-srvPort
61779
Successfully changed project path to: C:/Users/tamar/Desktop/Git/MenschAergerDichNicht/Client/Ludo_Client
C:/Users/tamar/Desktop/Git/MenschAergerDichNicht/Client/Ludo_Client
Using Asset Import Pipeline V2.
Refreshing native plugins compatible for Editor in 40.62 ms, found 2 plugins.
Preloading 0 native plugins for Editor in 0.00 ms.
Initialize engine version: 2020.3.11f1 (99c7afb366b3)
[Subsystems] Discovering subsystems at path C:/Program Files/Unity/Hub/Editor/2020.3.11f1/Editor/Data/Resources/UnitySubsystems
[Subsystems] Discovering subsystems at path C:/Users/tamar/Desktop/Git/MenschAergerDichNicht/Client/Ludo_Client/Assets
GfxDevice: creating device client; threaded=0
Direct3D:
    Version:  Direct3D 11.0 [level 11.1]
    Renderer: AMD Radeon(TM) Graphics (ID=0x1636)
    Vendor:   
    VRAM:     7102 MB
    Driver:   27.20.11044.4003
Initialize mono
Mono path[0] = 'C:/Program Files/Unity/Hub/Editor/2020.3.11f1/Editor/Data/Managed'
Mono path[1] = 'C:/Program Files/Unity/Hub/Editor/2020.3.11f1/Editor/Data/MonoBleedingEdge/lib/mono/unityjit'
Mono config path = 'C:/Program Files/Unity/Hub/Editor/2020.3.11f1/Editor/Data/MonoBleedingEdge/etc'
Using monoOptions --debugger-agent=transport=dt_socket,embedding=1,server=y,suspend=n,address=127.0.0.1:56268
Begin MonoManager ReloadAssembly
Registering precompiled unity dll's ...
Register platform support module: C:/Program Files/Unity/Hub/Editor/2020.3.11f1/Editor/Data/PlaybackEngines/WebGLSupport/UnityEditor.WebGL.Extensions.dll
Register platform support module: C:/Program Files/Unity/Hub/Editor/2020.3.11f1/Editor/Data/PlaybackEngines/WindowsStandaloneSupport/UnityEditor.WindowsStandalone.Extensions.dll
Registered in 0.001838 seconds.
Native extension for WindowsStandalone target not found
Native extension for WebGL target not found
Refreshing native plugins compatible for Editor in 31.83 ms, found 2 plugins.
Preloading 0 native plugins for Editor in 0.00 ms.
Mono: successfully reloaded assembly
- Completed reload, in  1.147 seconds
Platform modules already initialized, skipping
Registering precompiled user dll's ...
Registered in 0.016749 seconds.
Begin MonoManager ReloadAssembly
Error: Could not load signature of LudoSharedLibrary.Models.EnhancedTimer:get_Timer due to: Could not resolve type with token 01000010 (from typeref, class/assembly System.Timers.Timer, System.ComponentModel.TypeConverter, Version=5.0.0.0, Culture=neutral, PublicKeyToken=b03f5f7f11d50a3a) assembly:System.ComponentModel.TypeConverter, Version=5.0.0.0, Culture=neutral, PublicKeyToken=b03f5f7f11d50a3a type:System.Timers.Timer member:(null) signature:<none>

Unloading broken assembly Assets/LudoSharedLibrary.dll, this assembly can cause crashes in the runtime

Native extension for WindowsStandalone target not found
Native extension for WebGL target not found
Refreshing native plugins compatible for Editor in 0.57 ms, found 2 plugins.
Preloading 0 native plugins for Editor in 0.00 ms.
Mono: successfully reloaded assembly
- Completed reload, in  1.234 seconds
Platform modules already initialized, skipping
========================================================================
Worker process is ready to serve import requests
Launched and connected shader compiler UnityShaderCompiler.exe after 0.06 seconds
Refreshing native plugins compatible for Editor in 0.80 ms, found 2 plugins.
Preloading 0 native plugins for Editor in 0.00 ms.
Unloading 1428 Unused Serialized files (Serialized files now loaded: 0)
System memory in use before: 86.5 MB.
System memory in use after: 86.6 MB.

Unloading 52 unused Assets to reduce memory usage. Loaded Objects now: 1854.
Total: 3.069600 ms (FindLiveObjects: 0.346000 ms CreateObjectMapping: 0.080100 ms MarkObjects: 2.485000 ms  DeleteObjects: 0.155700 ms)

========================================================================
Received Prepare
Registering precompiled user dll's ...
Registered in 0.017184 seconds.
Begin MonoManager ReloadAssembly
Native extension for WindowsStandalone target not found
Native extension for WebGL target not found
Refreshing native plugins compatible for Editor in 0.72 ms, found 2 plugins.
Preloading 0 native plugins for Editor in 0.00 ms.
Mono: successfully reloaded assembly
- Completed reload, in  1.237 seconds
Platform modules already initialized, skipping
Refreshing native plugins compatible for Editor in 0.83 ms, found 2 plugins.
Preloading 0 native plugins for Editor in 0.00 ms.
Unloading 1422 Unused Serialized files (Serialized files now loaded: 0)
System memory in use before: 86.4 MB.
System memory in use after: 86.5 MB.

Unloading 47 unused Assets to reduce memory usage. Loaded Objects now: 1857.
Total: 2.961000 ms (FindLiveObjects: 0.285400 ms CreateObjectMapping: 0.071800 ms MarkObjects: 2.427700 ms  DeleteObjects: 0.173300 ms)

========================================================================
Received Prepare
Registering precompiled user dll's ...
Registered in 0.014777 seconds.
Begin MonoManager ReloadAssembly
Native extension for WindowsStandalone target not found
Native extension for WebGL target not found
Refreshing native plugins compatible for Editor in 0.78 ms, found 2 plugins.
Preloading 0 native plugins for Editor in 0.00 ms.
Mono: successfully reloaded assembly
- Completed reload, in  1.114 seconds
Platform modules already initialized, skipping
Refreshing native plugins compatible for Editor in 0.56 ms, found 2 plugins.
Preloading 0 native plugins for Editor in 0.00 ms.
Unloading 1422 Unused Serialized files (Serialized files now loaded: 0)
System memory in use before: 86.4 MB.
System memory in use after: 86.5 MB.

Unloading 47 unused Assets to reduce memory usage. Loaded Objects now: 1860.
Total: 2.194600 ms (FindLiveObjects: 0.257100 ms CreateObjectMapping: 0.066800 ms MarkObjects: 1.765500 ms  DeleteObjects: 0.103300 ms)

========================================================================
Received Prepare
Registering precompiled user dll's ...
Registered in 0.015996 seconds.
Begin MonoManager ReloadAssembly
Error: Could not load signature of LudoSharedLibrary.Models.EnhancedTimer:get_Timer due to: Could not resolve type with token 01000010 (from typeref, class/assembly System.Timers.Timer, System.ComponentModel.TypeConverter, Version=5.0.0.0, Culture=neutral, PublicKeyToken=b03f5f7f11d50a3a) assembly:System.ComponentModel.TypeConverter, Version=5.0.0.0, Culture=neutral, PublicKeyToken=b03f5f7f11d50a3a type:System.Timers.Timer member:(null) signature:<none>

Unloading broken assembly Assets/LudoSharedLibrary.dll, this assembly can cause crashes in the runtime

Native extension for WindowsStandalone target not found
Native extension for WebGL target not found
Refreshing native plugins compatible for Editor in 1.20 ms, found 2 plugins.
Preloading 0 native plugins for Editor in 0.00 ms.
Mono: successfully reloaded assembly
- Completed reload, in  1.038 seconds
Platform modules already initialized, skipping
Refreshing native plugins compatible for Editor in 0.59 ms, found 2 plugins.
Preloading 0 native plugins for Editor in 0.00 ms.
Unloading 1423 Unused Serialized files (Serialized files now loaded: 0)
System memory in use before: 86.5 MB.
System memory in use after: 86.6 MB.

Unloading 48 unused Assets to reduce memory usage. Loaded Objects now: 1863.
Total: 2.668400 ms (FindLiveObjects: 0.328500 ms CreateObjectMapping: 0.045600 ms MarkObjects: 2.179900 ms  DeleteObjects: 0.111900 ms)

========================================================================
Received Import Request.
  path: Assets/LudoSharedLibrary.dll
  artifactKey: Guid(d994ca1581f00a24e9ef6f3e5c65b05c) Importer(815301076,1909f56bfc062723c751e8b465ee728b)
Start importing Assets/LudoSharedLibrary.dll using Guid(d994ca1581f00a24e9ef6f3e5c65b05c) Importer(815301076,1909f56bfc062723c751e8b465ee728b)  -> (artifact id: '9009267808eaec2d409c8337b9c0fbaf') in 0.023859 seconds
  Import took 0.026683 seconds .

========================================================================
Received Import Request.
  Time since last request: 0.025578 seconds.
  path: Assets/LudoSharedLibrary.dll
  artifactKey: Guid(d994ca1581f00a24e9ef6f3e5c65b05c) Importer(815301076,1909f56bfc062723c751e8b465ee728b)
Start importing Assets/LudoSharedLibrary.dll using Guid(d994ca1581f00a24e9ef6f3e5c65b05c) Importer(815301076,1909f56bfc062723c751e8b465ee728b)  -> (artifact id: '9009267808eaec2d409c8337b9c0fbaf') in 0.003290 seconds
  Import took 0.006695 seconds .

========================================================================
Received Prepare
Registering precompiled user dll's ...
Registered in 0.013862 seconds.
Begin MonoManager ReloadAssembly
Native extension for WindowsStandalone target not found
Native extension for WebGL target not found
Refreshing native plugins compatible for Editor in 0.66 ms, found 2 plugins.
Preloading 0 native plugins for Editor in 0.00 ms.
Mono: successfully reloaded assembly
- Completed reload, in  1.043 seconds
Platform modules already initialized, skipping
Refreshing native plugins compatible for Editor in 0.55 ms, found 2 plugins.
Preloading 0 native plugins for Editor in 0.00 ms.
Unloading 1422 Unused Serialized files (Serialized files now loaded: 0)
System memory in use before: 86.5 MB.
System memory in use after: 86.6 MB.

Unloading 47 unused Assets to reduce memory usage. Loaded Objects now: 1866.
Total: 2.309200 ms (FindLiveObjects: 0.254500 ms CreateObjectMapping: 0.069200 ms MarkObjects: 1.885700 ms  DeleteObjects: 0.097900 ms)

AssetImportWorkerClient::OnTransportError - code=2 error=End of file
